{"/mnt/c/Users/billy/code/vsp/vue-queue/src/App.vue": {"path":"/mnt/c/Users/billy/code/vsp/vue-queue/src/App.vue","statementMap":{"0":{"start":{"line":1,"column":1},"end":{"line":18,"column":4}},"1":{"start":{"line":4,"column":0},"end":{"line":6,"column":3}},"2":{"start":{"line":15,"column":0},"end":{"line":17,"column":2}},"3":{"start":{"line":19,"column":0},"end":{"line":19,"column":70}},"4":{"start":{"line":19,"column":31},"end":{"line":19,"column":70}},"5":{"start":{"line":20,"column":24},"end":{"line":20,"column":100}},"6":{"start":{"line":21,"column":0},"end":{"line":21,"column":227}},"7":{"start":{"line":21,"column":54},"end":{"line":21,"column":58}},"8":{"start":{"line":21,"column":66},"end":{"line":21,"column":84}},"9":{"start":{"line":21,"column":92},"end":{"line":21,"column":108}},"10":{"start":{"line":21,"column":109},"end":{"line":21,"column":226}},"11":{"start":{"line":22,"column":0},"end":{"line":22,"column":37}}},"fnMap":{"0":{"name":"(anonymous_0)","decl":{"start":{"line":1,"column":2},"end":{"line":1,"column":3}},"loc":{"start":{"line":1,"column":12},"end":{"line":18,"column":1}},"line":1},"1":{"name":"render","decl":{"start":{"line":21,"column":35},"end":{"line":21,"column":41}},"loc":{"start":{"line":21,"column":45},"end":{"line":21,"column":227}},"line":21}},"branchMap":{"0":{"loc":{"start":{"line":19,"column":0},"end":{"line":19,"column":70}},"type":"if","locations":[{"start":{"line":19,"column":0},"end":{"line":19,"column":70}},{"start":{"line":19,"column":0},"end":{"line":19,"column":70}}],"line":19},"1":{"loc":{"start":{"line":20,"column":24},"end":{"line":20,"column":100}},"type":"cond-expr","locations":[{"start":{"line":20,"column":62},"end":{"line":20,"column":84}},{"start":{"line":20,"column":86},"end":{"line":20,"column":100}}],"line":20},"2":{"loc":{"start":{"line":21,"column":92},"end":{"line":21,"column":108}},"type":"binary-expr","locations":[{"start":{"line":21,"column":92},"end":{"line":21,"column":104}},{"start":{"line":21,"column":106},"end":{"line":21,"column":108}}],"line":21}},"s":{"0":0,"1":0,"2":0,"3":0,"4":0,"5":0,"6":0,"7":0,"8":0,"9":0,"10":0,"11":0},"f":{"0":0,"1":0},"b":{"0":[0,0],"1":[0,0],"2":[0,0]}}
,"/mnt/c/Users/billy/code/vsp/vue-queue/src/components/HelloWorld.vue": {"path":"/mnt/c/Users/billy/code/vsp/vue-queue/src/components/HelloWorld.vue","statementMap":{"0":{"start":{"line":90,"column":0},"end":{"line":null,"column":-1}}},"fnMap":{"0":{"name":"data","decl":{"start":{"line":89,"column":0},"end":{"line":null,"column":-1}},"loc":{"start":{"line":89,"column":0},"end":{"line":93,"column":0}}}},"branchMap":{},"s":{"0":1},"f":{"0":1},"b":{}}
}
